<?xml version="1.0" encoding="UTF-8"?>
<testng-results skipped="0" failed="0" total="1" passed="1">
  <reporter-output>
  </reporter-output>
  <suite name="Default suite" duration-ms="113" started-at="2021-02-06T18:49:01Z" finished-at="2021-02-06T18:49:01Z">
    <groups>
    </groups>
    <test name="Default test" duration-ms="113" started-at="2021-02-06T18:49:01Z" finished-at="2021-02-06T18:49:01Z">
      <class name="smokeTestScripts.LoginTest">
        <test-method status="PASS" signature="Login()[pri:0, instance:smokeTestScripts.LoginTest@511baa65]" name="Login" duration-ms="60" started-at="2021-02-07T00:19:01Z" finished-at="2021-02-07T00:19:01Z">
          <reporter-output>
          </reporter-output>
        </test-method> <!-- Login -->
      </class> <!-- smokeTestScripts.LoginTest -->
    </test> <!-- Default test -->
  </suite> <!-- Default suite -->
</testng-results>
